[2024-02-23 04:35:27 - INFO - Thread MAIN - crud: 34]: Logger initialized
[2024-02-23 04:35:27 - INFO - Thread MAIN - crud: 35]: Starting server...
[2024-02-23 04:35:27 - INFO - Thread MAIN - actix_server::builder: 240]: starting 12 workers
[2024-02-23 04:35:27 - INFO - Thread MAIN - actix_server::server: 196]: Actix runtime found; starting in Actix runtime
[2024-02-23 04:35:35 - INFO - Thread MAIN - actix_server::server: 319]: SIGINT received; starting forced shutdown
[2024-02-23 04:35:35 - INFO - Thread ACTIX-SERVER ACCEPTOR - actix_server::accept: 143]: accept thread stopped
[2024-02-23 04:35:35 - INFO - Thread ACTIX-RT|SYSTEM:0|ARBITER:0 - actix_server::worker: 595]: shutting down idle worker
[2024-02-23 04:35:35 - INFO - Thread ACTIX-RT|SYSTEM:0|ARBITER:5 - actix_server::worker: 595]: shutting down idle worker
[2024-02-23 04:35:35 - INFO - Thread ACTIX-RT|SYSTEM:0|ARBITER:8 - actix_server::worker: 595]: shutting down idle worker
[2024-02-23 04:35:35 - INFO - Thread ACTIX-RT|SYSTEM:0|ARBITER:3 - actix_server::worker: 595]: shutting down idle worker
[2024-02-23 04:35:35 - INFO - Thread ACTIX-RT|SYSTEM:0|ARBITER:2 - actix_server::worker: 595]: shutting down idle worker
[2024-02-23 04:35:35 - INFO - Thread ACTIX-RT|SYSTEM:0|ARBITER:7 - actix_server::worker: 595]: shutting down idle worker
[2024-02-23 04:35:35 - INFO - Thread ACTIX-RT|SYSTEM:0|ARBITER:9 - actix_server::worker: 595]: shutting down idle worker
[2024-02-23 04:35:35 - INFO - Thread ACTIX-RT|SYSTEM:0|ARBITER:4 - actix_server::worker: 595]: shutting down idle worker
[2024-02-23 04:35:35 - INFO - Thread ACTIX-RT|SYSTEM:0|ARBITER:10 - actix_server::worker: 595]: shutting down idle worker
[2024-02-23 04:35:35 - INFO - Thread ACTIX-RT|SYSTEM:0|ARBITER:11 - actix_server::worker: 595]: shutting down idle worker
[2024-02-23 04:35:35 - INFO - Thread ACTIX-RT|SYSTEM:0|ARBITER:6 - actix_server::worker: 595]: shutting down idle worker
[2024-02-23 04:35:35 - INFO - Thread ACTIX-RT|SYSTEM:0|ARBITER:1 - actix_server::worker: 595]: shutting down idle worker
[2024-02-23 04:35:48 - INFO - Thread MAIN - crud: 34]: Logger initialized
[2024-02-23 04:35:48 - INFO - Thread MAIN - crud: 35]: Starting server...
[2024-02-23 04:35:48 - INFO - Thread MAIN - actix_server::builder: 240]: starting 12 workers
[2024-02-23 04:35:48 - INFO - Thread MAIN - actix_server::server: 196]: Actix runtime found; starting in Actix runtime
[2024-02-23 04:36:45 - INFO - Thread MAIN - actix_server::server: 319]: SIGINT received; starting forced shutdown
[2024-02-23 04:36:45 - INFO - Thread ACTIX-SERVER ACCEPTOR - actix_server::accept: 143]: accept thread stopped
[2024-02-23 04:36:45 - INFO - Thread ACTIX-RT|SYSTEM:0|ARBITER:1 - actix_server::worker: 595]: shutting down idle worker
[2024-02-23 04:36:45 - INFO - Thread ACTIX-RT|SYSTEM:0|ARBITER:2 - actix_server::worker: 595]: shutting down idle worker
[2024-02-23 04:36:45 - INFO - Thread ACTIX-RT|SYSTEM:0|ARBITER:3 - actix_server::worker: 595]: shutting down idle worker
[2024-02-23 04:36:45 - INFO - Thread ACTIX-RT|SYSTEM:0|ARBITER:0 - actix_server::worker: 595]: shutting down idle worker
[2024-02-23 04:36:45 - INFO - Thread ACTIX-RT|SYSTEM:0|ARBITER:8 - actix_server::worker: 595]: shutting down idle worker
[2024-02-23 04:36:45 - INFO - Thread ACTIX-RT|SYSTEM:0|ARBITER:10 - actix_server::worker: 595]: shutting down idle worker
[2024-02-23 04:36:45 - INFO - Thread ACTIX-RT|SYSTEM:0|ARBITER:11 - actix_server::worker: 595]: shutting down idle worker
[2024-02-23 04:36:45 - INFO - Thread ACTIX-RT|SYSTEM:0|ARBITER:4 - actix_server::worker: 595]: shutting down idle worker
[2024-02-23 04:36:45 - INFO - Thread ACTIX-RT|SYSTEM:0|ARBITER:7 - actix_server::worker: 595]: shutting down idle worker
[2024-02-23 04:36:45 - INFO - Thread ACTIX-RT|SYSTEM:0|ARBITER:9 - actix_server::worker: 595]: shutting down idle worker
[2024-02-23 04:36:45 - INFO - Thread ACTIX-RT|SYSTEM:0|ARBITER:6 - actix_server::worker: 595]: shutting down idle worker
[2024-02-23 04:36:45 - INFO - Thread ACTIX-RT|SYSTEM:0|ARBITER:5 - actix_server::worker: 595]: shutting down idle worker
[2024-02-23 04:36:50 - INFO - Thread MAIN - crud: 34]: Logger initialized
[2024-02-23 04:36:50 - INFO - Thread MAIN - crud: 35]: Starting server...
[2024-02-23 04:36:50 - INFO - Thread MAIN - actix_server::builder: 240]: starting 12 workers
[2024-02-23 04:36:50 - INFO - Thread MAIN - actix_server::server: 196]: Actix runtime found; starting in Actix runtime
[2024-02-23 04:37:19 - INFO - Thread MAIN - actix_server::server: 319]: SIGINT received; starting forced shutdown
[2024-02-23 04:37:19 - INFO - Thread ACTIX-RT|SYSTEM:0|ARBITER:0 - actix_server::worker: 595]: shutting down idle worker
[2024-02-23 04:37:19 - INFO - Thread ACTIX-RT|SYSTEM:0|ARBITER:6 - actix_server::worker: 595]: shutting down idle worker
[2024-02-23 04:37:19 - INFO - Thread ACTIX-RT|SYSTEM:0|ARBITER:9 - actix_server::worker: 595]: shutting down idle worker
[2024-02-23 04:37:19 - INFO - Thread ACTIX-SERVER ACCEPTOR - actix_server::accept: 143]: accept thread stopped
[2024-02-23 04:37:19 - INFO - Thread ACTIX-RT|SYSTEM:0|ARBITER:3 - actix_server::worker: 595]: shutting down idle worker
[2024-02-23 04:37:19 - INFO - Thread ACTIX-RT|SYSTEM:0|ARBITER:4 - actix_server::worker: 595]: shutting down idle worker
[2024-02-23 04:37:19 - INFO - Thread ACTIX-RT|SYSTEM:0|ARBITER:7 - actix_server::worker: 595]: shutting down idle worker
[2024-02-23 04:37:19 - INFO - Thread ACTIX-RT|SYSTEM:0|ARBITER:1 - actix_server::worker: 595]: shutting down idle worker
[2024-02-23 04:37:19 - INFO - Thread ACTIX-RT|SYSTEM:0|ARBITER:8 - actix_server::worker: 595]: shutting down idle worker
[2024-02-23 04:37:19 - INFO - Thread ACTIX-RT|SYSTEM:0|ARBITER:5 - actix_server::worker: 595]: shutting down idle worker
[2024-02-23 04:37:19 - INFO - Thread ACTIX-RT|SYSTEM:0|ARBITER:10 - actix_server::worker: 595]: shutting down idle worker
[2024-02-23 04:37:19 - INFO - Thread ACTIX-RT|SYSTEM:0|ARBITER:2 - actix_server::worker: 595]: shutting down idle worker
[2024-02-23 04:37:19 - INFO - Thread ACTIX-RT|SYSTEM:0|ARBITER:11 - actix_server::worker: 595]: shutting down idle worker
[2024-02-23 04:42:40 - INFO - Thread MAIN - crud: 24]: Logger initialized
[2024-02-23 04:42:40 - INFO - Thread MAIN - crud: 25]: Starting server...
[2024-02-23 04:42:40 - INFO - Thread MAIN - actix_server::builder: 240]: starting 12 workers
[2024-02-23 04:42:40 - INFO - Thread MAIN - actix_server::server: 196]: Actix runtime found; starting in Actix runtime
[2024-02-23 04:45:03 - INFO - Thread MAIN - actix_server::server: 319]: SIGINT received; starting forced shutdown
[2024-02-23 04:45:03 - INFO - Thread ACTIX-SERVER ACCEPTOR - actix_server::accept: 143]: accept thread stopped
[2024-02-23 04:45:03 - INFO - Thread ACTIX-RT|SYSTEM:0|ARBITER:0 - actix_server::worker: 595]: shutting down idle worker
[2024-02-23 04:45:03 - INFO - Thread ACTIX-RT|SYSTEM:0|ARBITER:7 - actix_server::worker: 595]: shutting down idle worker
[2024-02-23 04:45:03 - INFO - Thread ACTIX-RT|SYSTEM:0|ARBITER:4 - actix_server::worker: 595]: shutting down idle worker
[2024-02-23 04:45:03 - INFO - Thread ACTIX-RT|SYSTEM:0|ARBITER:5 - actix_server::worker: 595]: shutting down idle worker
[2024-02-23 04:45:03 - INFO - Thread ACTIX-RT|SYSTEM:0|ARBITER:8 - actix_server::worker: 595]: shutting down idle worker
[2024-02-23 04:45:03 - INFO - Thread ACTIX-RT|SYSTEM:0|ARBITER:1 - actix_server::worker: 595]: shutting down idle worker
[2024-02-23 04:45:03 - INFO - Thread ACTIX-RT|SYSTEM:0|ARBITER:6 - actix_server::worker: 595]: shutting down idle worker
[2024-02-23 04:45:03 - INFO - Thread ACTIX-RT|SYSTEM:0|ARBITER:10 - actix_server::worker: 595]: shutting down idle worker
[2024-02-23 04:45:03 - INFO - Thread ACTIX-RT|SYSTEM:0|ARBITER:9 - actix_server::worker: 595]: shutting down idle worker
[2024-02-23 04:45:03 - INFO - Thread ACTIX-RT|SYSTEM:0|ARBITER:11 - actix_server::worker: 595]: shutting down idle worker
[2024-02-23 04:45:03 - INFO - Thread ACTIX-RT|SYSTEM:0|ARBITER:2 - actix_server::worker: 595]: shutting down idle worker
[2024-02-23 04:45:03 - INFO - Thread ACTIX-RT|SYSTEM:0|ARBITER:3 - actix_server::worker: 595]: shutting down idle worker
[2024-02-23 04:45:09 - INFO - Thread MAIN - crud: 24]: Logger initialized
[2024-02-23 04:45:09 - INFO - Thread MAIN - crud: 25]: Starting server...
[2024-02-23 04:45:09 - INFO - Thread MAIN - actix_server::builder: 240]: starting 12 workers
[2024-02-23 04:45:09 - INFO - Thread MAIN - actix_server::server: 196]: Actix runtime found; starting in Actix runtime
[2024-02-23 04:45:15 - INFO - Thread MAIN - actix_server::server: 319]: SIGINT received; starting forced shutdown
[2024-02-23 04:45:15 - INFO - Thread ACTIX-SERVER ACCEPTOR - actix_server::accept: 143]: accept thread stopped
[2024-02-23 04:45:15 - INFO - Thread ACTIX-RT|SYSTEM:0|ARBITER:6 - actix_server::worker: 595]: shutting down idle worker
[2024-02-23 04:45:15 - INFO - Thread ACTIX-RT|SYSTEM:0|ARBITER:11 - actix_server::worker: 595]: shutting down idle worker
[2024-02-23 04:45:15 - INFO - Thread ACTIX-RT|SYSTEM:0|ARBITER:10 - actix_server::worker: 595]: shutting down idle worker
[2024-02-23 04:45:15 - INFO - Thread ACTIX-RT|SYSTEM:0|ARBITER:2 - actix_server::worker: 595]: shutting down idle worker
[2024-02-23 04:45:15 - INFO - Thread ACTIX-RT|SYSTEM:0|ARBITER:5 - actix_server::worker: 595]: shutting down idle worker
[2024-02-23 04:45:15 - INFO - Thread ACTIX-RT|SYSTEM:0|ARBITER:1 - actix_server::worker: 595]: shutting down idle worker
[2024-02-23 04:45:15 - INFO - Thread ACTIX-RT|SYSTEM:0|ARBITER:7 - actix_server::worker: 595]: shutting down idle worker
[2024-02-23 04:45:15 - INFO - Thread ACTIX-RT|SYSTEM:0|ARBITER:3 - actix_server::worker: 595]: shutting down idle worker
[2024-02-23 04:45:15 - INFO - Thread ACTIX-RT|SYSTEM:0|ARBITER:8 - actix_server::worker: 595]: shutting down idle worker
[2024-02-23 04:45:15 - INFO - Thread ACTIX-RT|SYSTEM:0|ARBITER:0 - actix_server::worker: 595]: shutting down idle worker
[2024-02-23 04:45:15 - INFO - Thread ACTIX-RT|SYSTEM:0|ARBITER:9 - actix_server::worker: 595]: shutting down idle worker
[2024-02-23 04:45:15 - INFO - Thread ACTIX-RT|SYSTEM:0|ARBITER:4 - actix_server::worker: 595]: shutting down idle worker
